L 06/30/2023 - 10:04:19: Start of error session.
L 06/30/2023 - 10:04:19: Info (map "aim_ak-colt") (file "addons/amxmodx/logs/error_20230630.log")
L 06/30/2023 - 10:04:19: [ReAPI] RegisterHookChain: function (CBasePlayer_Spawn) is not available, ReGameDLL required.
L 06/30/2023 - 10:04:19: [AMXX] Run time error 10 (plugin "next21_kill_assist.amxx") (native "RegisterHookChain") - debug not enabled!
L 06/30/2023 - 10:04:19: [AMXX] To enable debug mode, add "debug" after the plugin name in plugins.ini (without quotes).
L 06/30/2023 - 10:12:46: Start of error session.
L 06/30/2023 - 10:12:46: Info (map "aim_ak-colt") (file "addons/amxmodx/logs/error_20230630.log")
L 06/30/2023 - 10:12:46: [ReAPI] RegisterHookChain: function (CBasePlayer_Spawn) is not available, ReGameDLL required.
L 06/30/2023 - 10:12:46: [AMXX] Run time error 10 (plugin "next21_kill_assist.amxx") (native "RegisterHookChain") - debug not enabled!
L 06/30/2023 - 10:12:46: [AMXX] To enable debug mode, add "debug" after the plugin name in plugins.ini (without quotes).
L 06/30/2023 - 11:56:53: Start of error session.
L 06/30/2023 - 11:56:53: Info (map "aim_ak-colt") (file "addons/amxmodx/logs/error_20230630.log")
L 06/30/2023 - 11:56:53: [ReAPI] RegisterHookChain: function (CBasePlayer_Spawn) is not available, ReGameDLL required.
L 06/30/2023 - 11:56:53: [AMXX] Run time error 10 (plugin "next21_kill_assist.amxx") (native "RegisterHookChain") - debug not enabled!
L 06/30/2023 - 11:56:53: [AMXX] To enable debug mode, add "debug" after the plugin name in plugins.ini (without quotes).
L 06/30/2023 - 12:08:32: Start of error session.
L 06/30/2023 - 12:08:32: Info (map "aim_ak-colt") (file "addons/amxmodx/logs/error_20230630.log")
L 06/30/2023 - 12:08:32: [ReAPI] RegisterHookChain: function (CBasePlayer_Spawn) is not available, ReGameDLL required.
L 06/30/2023 - 12:08:32: [AMXX] Run time error 10 (plugin "next21_kill_assist.amxx") (native "RegisterHookChain") - debug not enabled!
L 06/30/2023 - 12:08:32: [AMXX] To enable debug mode, add "debug" after the plugin name in plugins.ini (without quotes).
