L 06/28/2023 - 12:51:49: -------- Mapchange to aim_ak-colt --------
L 06/28/2023 - 12:51:49: [CSX] Could not load csstats file: cstrike\addons\amxmodx\data\csstats.dat
L 06/28/2023 - 12:51:49: [admin.amxx] Login: "Player<1><STEAM_ID_LAN><>" became an admin (account "loopback") (access "abcdefghijklmnopqrstuv") (address "loopback")
L 06/28/2023 - 12:51:50: [admin.amxx] Login: "Player<1><STEAM_ID_LAN><>" became an admin (account "loopback") (access "abcdefghijklmnopqrstuv") (address "loopback")
L 06/28/2023 - 12:56:36: -------- Mapchange to aim_ak-colt --------
L 06/28/2023 - 12:56:37: [admin.amxx] Login: "Player<1><STEAM_ID_LAN><>" became an admin (account "loopback") (access "abcdefghijklmnopqrstuv") (address "loopback")
L 06/28/2023 - 12:56:37: [admin.amxx] Login: "Player<1><STEAM_ID_LAN><>" became an admin (account "loopback") (access "abcdefghijklmnopqrstuv") (address "loopback")
L 06/28/2023 - 13:14:54: -------- Mapchange to aim_ak-colt --------
L 06/28/2023 - 13:15:17: -------- Mapchange to aim_ak-colt --------
L 06/28/2023 - 13:24:03: -------- Mapchange to aim_ak-colt --------
L 06/28/2023 - 13:26:46: -------- Mapchange to aim_ak-colt --------
L 06/28/2023 - 13:50:14: -------- Mapchange to aim_ak-colt --------
L 06/28/2023 - 13:50:50: -------- Mapchange to aim_ak-colt --------
L 06/28/2023 - 13:53:56: -------- Mapchange to aim_ak-colt --------
L 06/28/2023 - 14:30:24: -------- Mapchange to aim_ak-colt --------
L 06/28/2023 - 14:38:27: -------- Mapchange to aim_ak-colt --------
L 06/28/2023 - 14:38:27: [admin.amxx] Login: "Pr!maX<1><STEAM_ID_LAN><>" became an admin (account "STEAM_ID_LAN") (access "abcdefghijklmnopqrstuv") (address "loopback")
L 06/28/2023 - 14:38:28: [admin.amxx] Login: "Pr!maX<1><STEAM_ID_LAN><>" became an admin (account "STEAM_ID_LAN") (access "abcdefghijklmnopqrstuv") (address "loopback")
L 06/28/2023 - 14:42:13: -------- Mapchange to aim_ak-colt --------
L 06/28/2023 - 14:42:13: [admin.amxx] Login: "Pr!maX<1><STEAM_ID_LAN><>" became an admin (account "STEAM_ID_LAN") (access "abcdefghijklmnopqrstuv") (address "loopback")
L 06/28/2023 - 14:42:14: [admin.amxx] Login: "Pr!maX<1><STEAM_ID_LAN><>" became an admin (account "STEAM_ID_LAN") (access "abcdefghijklmnopqrstuv") (address "loopback")
L 06/28/2023 - 14:43:12: -------- Mapchange to aim_ak-colt --------
L 06/28/2023 - 14:43:13: [admin.amxx] Login: "Pr!maX<1><STEAM_ID_LAN><>" became an admin (account "STEAM_ID_LAN") (access "abcdefghijklmnopqrstuv") (address "loopback")
L 06/28/2023 - 14:43:13: [admin.amxx] Login: "Pr!maX<1><STEAM_ID_LAN><>" became an admin (account "STEAM_ID_LAN") (access "abcdefghijklmnopqrstuv") (address "loopback")
L 06/28/2023 - 15:35:41: -------- Mapchange to aim_ak-colt --------
L 06/28/2023 - 15:35:45: [admin.amxx] Login: "Pr!maX<1><STEAM_ID_LAN><>" became an admin (account "STEAM_ID_LAN") (access "abcdefghijklmnopqrstuv") (address "loopback")
L 06/28/2023 - 15:35:46: [admin.amxx] Login: "Pr!maX<1><STEAM_ID_LAN><>" became an admin (account "STEAM_ID_LAN") (access "abcdefghijklmnopqrstuv") (address "loopback")
L 06/28/2023 - 15:40:24: -------- Mapchange to aim_ak-colt --------
L 06/28/2023 - 15:40:25: [admin.amxx] Login: "Pr!maX<1><STEAM_ID_LAN><>" became an admin (account "STEAM_ID_LAN") (access "abcdefghijklmnopqrstuv") (address "loopback")
L 06/28/2023 - 15:40:25: [admin.amxx] Login: "Pr!maX<1><STEAM_ID_LAN><>" became an admin (account "STEAM_ID_LAN") (access "abcdefghijklmnopqrstuv") (address "loopback")
L 06/28/2023 - 16:18:29: -------- Mapchange to aim_ak-colt --------
L 06/28/2023 - 16:18:29: [AMXX] Plugin "AQS.amxx" failed to load: Module/Library Class "sqlx" required for plugin.  Check modules.ini.
L 06/28/2023 - 16:18:33: [admin.amxx] Login: "Pr!maX<1><STEAM_ID_LAN><>" became an admin (account "STEAM_ID_LAN") (access "abcdefghijklmnopqrstuv") (address "loopback")
L 06/28/2023 - 16:18:34: [admin.amxx] Login: "Pr!maX<1><STEAM_ID_LAN><>" became an admin (account "STEAM_ID_LAN") (access "abcdefghijklmnopqrstuv") (address "loopback")
L 06/28/2023 - 16:24:35: -------- Mapchange to aim_ak-colt --------
L 06/28/2023 - 16:24:35: [AMXX] Plugin "AQS.amxx" failed to load: Module/Library Class "sqlx" required for plugin.  Check modules.ini.
L 06/28/2023 - 16:24:36: [admin.amxx] Login: "Pr!maX<1><STEAM_ID_LAN><>" became an admin (account "STEAM_ID_LAN") (access "abcdefghijklmnopqrstuv") (address "loopback")
L 06/28/2023 - 16:24:37: [admin.amxx] Login: "Pr!maX<1><STEAM_ID_LAN><>" became an admin (account "STEAM_ID_LAN") (access "abcdefghijklmnopqrstuv") (address "loopback")
L 06/28/2023 - 16:27:41: -------- Mapchange to aim_ak-colt --------
L 06/28/2023 - 16:27:41: [AMXX] Plugin "AQS.amxx" failed to load: Module/Library Class "sqlx" required for plugin.  Check modules.ini.
L 06/28/2023 - 16:27:41: [admin.amxx] Login: "Pr!maX<1><STEAM_ID_LAN><>" became an admin (account "STEAM_ID_LAN") (access "abcdefghijklmnopqrstuv") (address "loopback")
L 06/28/2023 - 16:27:42: [admin.amxx] Login: "Pr!maX<1><STEAM_ID_LAN><>" became an admin (account "STEAM_ID_LAN") (access "abcdefghijklmnopqrstuv") (address "loopback")
L 06/28/2023 - 16:35:05: -------- Mapchange to aim_ak-colt --------
L 06/28/2023 - 16:35:05: [AMXX] Plugin "AQS.amxx" failed to load: Module/Library Class "sqlx" required for plugin.  Check modules.ini.
L 06/28/2023 - 16:35:06: [admin.amxx] Login: "Pr!maX<1><STEAM_ID_LAN><>" became an admin (account "STEAM_ID_LAN") (access "abcdefghijklmnopqrstuv") (address "loopback")
L 06/28/2023 - 16:35:07: [admin.amxx] Login: "Pr!maX<1><STEAM_ID_LAN><>" became an admin (account "STEAM_ID_LAN") (access "abcdefghijklmnopqrstuv") (address "loopback")
L 06/28/2023 - 16:42:25: -------- Mapchange to aim_ak-colt --------
L 06/28/2023 - 16:42:25: [AMXX] Plugin "AQS.amxx" failed to load: Module/Library Class "sqlx" required for plugin.  Check modules.ini.
L 06/28/2023 - 16:42:26: [admin.amxx] Login: "Pr!maX<1><STEAM_ID_LAN><>" became an admin (account "STEAM_ID_LAN") (access "abcdefghijklmnopqrstuv") (address "loopback")
L 06/28/2023 - 16:42:27: [admin.amxx] Login: "Pr!maX<1><STEAM_ID_LAN><>" became an admin (account "STEAM_ID_LAN") (access "abcdefghijklmnopqrstuv") (address "loopback")
L 06/28/2023 - 16:53:10: -------- Mapchange to aim_ak-colt --------
L 06/28/2023 - 16:53:11: [admin.amxx] Login: "Pr!maX<1><STEAM_ID_LAN><>" became an admin (account "STEAM_ID_LAN") (access "abcdefghijklmnopqrstuv") (address "loopback")
L 06/28/2023 - 16:53:12: [admin.amxx] Login: "Pr!maX<1><STEAM_ID_LAN><>" became an admin (account "STEAM_ID_LAN") (access "abcdefghijklmnopqrstuv") (address "loopback")
L 06/28/2023 - 16:56:38: -------- Mapchange to aim_ak-colt --------
L 06/28/2023 - 16:56:39: [admin.amxx] Login: "Pr!maX<1><STEAM_ID_LAN><>" became an admin (account "STEAM_ID_LAN") (access "abcdefghijklmnopqrstuv") (address "loopback")
L 06/28/2023 - 16:56:40: [admin.amxx] Login: "Pr!maX<1><STEAM_ID_LAN><>" became an admin (account "STEAM_ID_LAN") (access "abcdefghijklmnopqrstuv") (address "loopback")
L 06/28/2023 - 17:00:45: [admincmd.amxx] Kick: "Pr!maX<1><STEAM_ID_LAN><>" kick "Pr!maX<1><STEAM_ID_LAN><>" (reason "")
L 06/28/2023 - 17:01:00: [admincmd.amxx] Cmd: "Pr!maX<1><STEAM_ID_LAN><>" pause server
L 06/28/2023 - 17:01:03: [admincmd.amxx] Cmd: "Pr!maX<1><STEAM_ID_LAN><>" unpause server
L 06/28/2023 - 17:02:26: -------- Mapchange to aim_ak-colt --------
L 06/28/2023 - 17:02:27: [admin.amxx] Login: "Pr!maX<1><STEAM_ID_LAN><>" became an admin (account "STEAM_ID_LAN") (access "abcdefghijklmnopqrstuv") (address "loopback")
L 06/28/2023 - 17:02:28: [admin.amxx] Login: "Pr!maX<1><STEAM_ID_LAN><>" became an admin (account "STEAM_ID_LAN") (access "abcdefghijklmnopqrstuv") (address "loopback")
L 06/28/2023 - 17:11:58: -------- Mapchange to aim_ak-colt --------
L 06/28/2023 - 17:12:00: [admin.amxx] Login: "Pr!maX<1><STEAM_ID_LAN><>" became an admin (account "STEAM_ID_LAN") (access "abcdefghijklmnopqrstuv") (address "loopback")
L 06/28/2023 - 17:12:01: [admin.amxx] Login: "Pr!maX<1><STEAM_ID_LAN><>" became an admin (account "STEAM_ID_LAN") (access "abcdefghijklmnopqrstuv") (address "loopback")
L 06/28/2023 - 17:51:17: -------- Mapchange to aim_ak-colt --------
L 06/28/2023 - 17:51:23: [admin.amxx] Login: "Pr!maX<1><STEAM_ID_LAN><>" became an admin (account "STEAM_ID_LAN") (access "abcdefghijklmnopqrstuv") (address "loopback")
L 06/28/2023 - 18:33:02: -------- Mapchange to aim_ak-colt --------
L 06/28/2023 - 18:33:03: [admin.amxx] Login: "Pr!maX<1><STEAM_ID_LAN><>" became an admin (account "STEAM_ID_LAN") (access "abcdefghijklmnopqrstuv") (address "loopback")
L 06/28/2023 - 18:33:04: [admin.amxx] Login: "Pr!maX<1><STEAM_ID_LAN><>" became an admin (account "STEAM_ID_LAN") (access "abcdefghijklmnopqrstuv") (address "loopback")
L 06/28/2023 - 18:38:01: -------- Mapchange to aim_ak-colt --------
L 06/28/2023 - 18:38:03: [admin.amxx] Login: "Pr!maX<1><STEAM_ID_LAN><>" became an admin (account "STEAM_ID_LAN") (access "abcdefghijklmnopqrstuv") (address "loopback")
L 06/28/2023 - 18:38:03: [admin.amxx] Login: "Pr!maX<1><STEAM_ID_LAN><>" became an admin (account "STEAM_ID_LAN") (access "abcdefghijklmnopqrstuv") (address "loopback")
